<?xml version="1.0" encoding="UTF-8"?>
<!-- Generated by org.testng.reporters.JUnitReportReporter -->
<testsuite hostname="Najer" failures="0" tests="6" name="api.test.DDtest" time="129.034" errors="0" timestamp="2024-01-30T12:26:14 IST" skipped="0">
  <testcase classname="api.test.DDtest" name="testpostUser" time="35.110"/>
  <system-out/>
  <testcase classname="api.test.DDtest" name="testpostUser" time="32.605"/>
  <system-out/>
  <testcase classname="api.test.DDtest" name="testpostUser" time="12.731"/>
  <system-out/>
  <testcase classname="api.test.DDtest" name="deleteUserByName" time="5.421"/>
  <system-out/>
  <testcase classname="api.test.DDtest" name="deleteUserByName" time="29.592"/>
  <system-out/>
  <testcase classname="api.test.DDtest" name="deleteUserByName" time="13.575"/>
  <system-out/>
</testsuite> <!-- api.test.DDtest -->
