<?xml version="1.0" encoding="UTF-8"?>
<!-- Generated by org.testng.reporters.JUnitReportReporter -->
<testsuite hostname="Najer" failures="0" tests="4" name="api.test.UserTest2" time="17.186" errors="0" timestamp="2024-02-02T18:22:35 IST" skipped="0">
  <testcase classname="api.test.UserTest2" name="testpostUser" time="6.422"/>
  <system-out/>
  <testcase classname="api.test.UserTest2" name="testgetUserByName" time="4.146"/>
  <system-out/>
  <testcase classname="api.test.UserTest2" name="testUpdateUserbyName" time="4.782"/>
  <system-out/>
  <testcase classname="api.test.UserTest2" name="testDeleteUserByName" time="1.836"/>
  <system-out/>
</testsuite> <!-- api.test.UserTest2 -->
