<?xml version="1.0" encoding="UTF-8"?>
<!-- Generated by org.testng.reporters.JUnitReportReporter -->
<testsuite hostname="Najer" failures="0" tests="4" name="api.test.UserTest" time="76.079" errors="0" timestamp="2024-01-30T16:11:20 IST" skipped="0">
  <testcase classname="api.test.UserTest" name="testpostUser" time="17.343"/>
  <system-out/>
  <testcase classname="api.test.UserTest" name="testgetUserByName" time="14.701"/>
  <system-out/>
  <testcase classname="api.test.UserTest" name="testUpdateUserbyName" time="25.860"/>
  <system-out/>
  <testcase classname="api.test.UserTest" name="testDeleteUserByName" time="18.175"/>
  <system-out/>
</testsuite> <!-- api.test.UserTest -->
