<?xml version="1.0" encoding="UTF-8"?>
<!-- Generated by org.testng.reporters.JUnitReportReporter -->
<testsuite hostname="Najer" failures="0" tests="4" name="api.test.UserTest2" time="40.517" errors="0" timestamp="2024-02-03T15:24:20 IST" skipped="0">
  <testcase classname="api.test.UserTest2" name="testpostUser" time="10.795"/>
  <system-out/>
  <testcase classname="api.test.UserTest2" name="testgetUserByName" time="5.449"/>
  <system-out/>
  <testcase classname="api.test.UserTest2" name="testUpdateUserbyName" time="18.870"/>
  <system-out/>
  <testcase classname="api.test.UserTest2" name="testDeleteUserByName" time="5.403"/>
  <system-out/>
</testsuite> <!-- api.test.UserTest2 -->
